<?xml version="1.0" encoding="UTF-8"?>
<testsuite name="com.morganstanley.interviews.portfoliocalculator.marketdata.math.DiscreteTimeGeometricBrownianMotionTest" tests="1" skipped="0" failures="0" errors="0" timestamp="2020-12-03T01:59:11" hostname="earth" time="0.012">
  <properties/>
  <testcase name="newPriceShouldNeverBeLessThanZero" classname="com.morganstanley.interviews.portfoliocalculator.marketdata.math.DiscreteTimeGeometricBrownianMotionTest" time="0.012"/>
  <system-out><![CDATA[]]></system-out>
  <system-err><![CDATA[]]></system-err>
</testsuite>
