<?xml version="1.0" encoding="UTF-8"?>
<testsuite name="com.morganstanley.interviews.portfoliocalculator.cache.CacheManagerImplTest" tests="1" skipped="0" failures="0" errors="0" timestamp="2020-12-03T01:59:09" hostname="earth" time="0.003">
  <properties/>
  <testcase name="shouldFindCacheByCacheName" classname="com.morganstanley.interviews.portfoliocalculator.cache.CacheManagerImplTest" time="0.003"/>
  <system-out><![CDATA[]]></system-out>
  <system-err><![CDATA[]]></system-err>
</testsuite>
